生成启动时间为 2022/7/13 15:34:48。
     1>项目“G:\the_way_coder_learn\vs_project\vs_2010\osg_guide_programme\automaticity\shader\shader.vcxproj”在节点 4 上(build 个目标)。
     1>InitializeBuildStatus:
         正在创建“Debug\shader.unsuccessfulbuild”，因为已指定“AlwaysCreate”。
       ClCompile:
         E:\Program Files (x86)\Microsoft Visual Studio 10.0\VC\bin\CL.exe /c /ZI /nologo /W3 /WX- /Od /Oy- /D WIN32 /D _DEBUG /D _CONSOLE /D _UNICODE /D UNICODE /Gm /EHsc /RTC1 /MDd /GS /fp:precise /Zc:wchar_t /Zc:forScope /Yc"StdAfx.h" /Fp"Debug\shader.pch" /Fo"Debug\\" /Fd"Debug\vc100.pdb" /Gd /TP /analyze- /errorReport:prompt stdafx.cpp
         stdafx.cpp
         E:\Program Files (x86)\Microsoft Visual Studio 10.0\VC\bin\CL.exe /c /ZI /nologo /W3 /WX- /Od /Oy- /D WIN32 /D _DEBUG /D _CONSOLE /D _UNICODE /D UNICODE /Gm /EHsc /RTC1 /MDd /GS /fp:precise /Zc:wchar_t /Zc:forScope /Yu"StdAfx.h" /Fp"Debug\shader.pch" /Fo"Debug\\" /Fd"Debug\vc100.pdb" /Gd /TP /analyze- /errorReport:prompt shader.cpp
         shader.cpp
       ManifestResourceCompile:
         C:\Program Files (x86)\Microsoft SDKs\Windows\v7.0A\bin\rc.exe /nologo /fo"Debug\shader.exe.embed.manifest.res" Debug\shader_manifest.rc 
       Link:
         E:\Program Files (x86)\Microsoft Visual Studio 10.0\VC\bin\link.exe /ERRORREPORT:PROMPT /OUT:"G:\the_way_coder_learn\vs_project\vs_2010\osg_guide_programme\automaticity\Debug\shader.exe" /INCREMENTAL /NOLOGO kernel32.lib user32.lib gdi32.lib winspool.lib comdlg32.lib advapi32.lib shell32.lib ole32.lib oleaut32.lib uuid.lib odbc32.lib odbccp32.lib /MANIFEST /ManifestFile:"Debug\shader.exe.intermediate.manifest" /MANIFESTUAC:"level='asInvoker' uiAccess='false'" /DEBUG /PDB:"G:\the_way_coder_learn\vs_project\vs_2010\osg_guide_programme\automaticity\Debug\shader.pdb" /SUBSYSTEM:CONSOLE /TLBID:1 /DYNAMICBASE /NXCOMPAT /IMPLIB:"G:\the_way_coder_learn\vs_project\vs_2010\osg_guide_programme\automaticity\Debug\shader.lib" /MACHINE:X86 Debug\shader.exe.embed.manifest.res
         Debug\shader.obj
         Debug\stdafx.obj
       Manifest:
         C:\Program Files (x86)\Microsoft SDKs\Windows\v7.0A\bin\mt.exe /nologo /verbose /out:"Debug\shader.exe.embed.manifest" /manifest Debug\shader.exe.intermediate.manifest
         C:\Program Files (x86)\Microsoft SDKs\Windows\v7.0A\bin\rc.exe /nologo /fo"Debug\shader.exe.embed.manifest.res" Debug\shader_manifest.rc 
       LinkEmbedManifest:
         E:\Program Files (x86)\Microsoft Visual Studio 10.0\VC\bin\link.exe /ERRORREPORT:PROMPT /OUT:"G:\the_way_coder_learn\vs_project\vs_2010\osg_guide_programme\automaticity\Debug\shader.exe" /INCREMENTAL /NOLOGO kernel32.lib user32.lib gdi32.lib winspool.lib comdlg32.lib advapi32.lib shell32.lib ole32.lib oleaut32.lib uuid.lib odbc32.lib odbccp32.lib /MANIFEST /ManifestFile:"Debug\shader.exe.intermediate.manifest" /MANIFESTUAC:"level='asInvoker' uiAccess='false'" /DEBUG /PDB:"G:\the_way_coder_learn\vs_project\vs_2010\osg_guide_programme\automaticity\Debug\shader.pdb" /SUBSYSTEM:CONSOLE /TLBID:1 /DYNAMICBASE /NXCOMPAT /IMPLIB:"G:\the_way_coder_learn\vs_project\vs_2010\osg_guide_programme\automaticity\Debug\shader.lib" /MACHINE:X86 Debug\shader.exe.embed.manifest.res
         Debug\shader.obj
         Debug\stdafx.obj
         shader.vcxproj -> G:\the_way_coder_learn\vs_project\vs_2010\osg_guide_programme\automaticity\Debug\shader.exe
       FinalizeBuildStatus:
         正在删除文件“Debug\shader.unsuccessfulbuild”。
         正在对“Debug\shader.lastbuildstate”执行 Touch 任务。
     1>已完成生成项目“G:\the_way_coder_learn\vs_project\vs_2010\osg_guide_programme\automaticity\shader\shader.vcxproj”(build 个目标)的操作。

生成成功。

已用时间 00:00:02.23
