生成启动时间为 2022/7/13 15:34:47。
     1>项目“G:\the_way_coder_learn\vs_project\vs_2010\osg_guide_programme\automaticity\ocean_terrain\ocean_terrain.vcxproj”在节点 2 上(build 个目标)。
     1>InitializeBuildStatus:
         正在创建“Debug\ocean_terrain.unsuccessfulbuild”，因为已指定“AlwaysCreate”。
       ClCompile:
         E:\Program Files (x86)\Microsoft Visual Studio 10.0\VC\bin\CL.exe /c /ZI /nologo /W3 /WX- /Od /Oy- /D WIN32 /D _DEBUG /D _CONSOLE /D _UNICODE /D UNICODE /Gm /EHsc /RTC1 /MDd /GS /fp:precise /Zc:wchar_t /Zc:forScope /Yc"StdAfx.h" /Fp"Debug\ocean_terrain.pch" /Fo"Debug\\" /Fd"Debug\vc100.pdb" /Gd /TP /analyze- /errorReport:prompt stdafx.cpp
         stdafx.cpp
         E:\Program Files (x86)\Microsoft Visual Studio 10.0\VC\bin\CL.exe /c /ZI /nologo /W3 /WX- /Od /Oy- /D WIN32 /D _DEBUG /D _CONSOLE /D _UNICODE /D UNICODE /Gm /EHsc /RTC1 /MDd /GS /fp:precise /Zc:wchar_t /Zc:forScope /Yu"StdAfx.h" /Fp"Debug\ocean_terrain.pch" /Fo"Debug\\" /Fd"Debug\vc100.pdb" /Gd /TP /analyze- /errorReport:prompt ocean_terrain.cpp
         ocean_terrain.cpp
       ManifestResourceCompile:
         C:\Program Files (x86)\Microsoft SDKs\Windows\v7.0A\bin\rc.exe /nologo /fo"Debug\ocean_terrain.exe.embed.manifest.res" Debug\ocean_terrain_manifest.rc 
       Link:
         E:\Program Files (x86)\Microsoft Visual Studio 10.0\VC\bin\link.exe /ERRORREPORT:PROMPT /OUT:"G:\the_way_coder_learn\vs_project\vs_2010\osg_guide_programme\automaticity\Debug\ocean_terrain.exe" /INCREMENTAL /NOLOGO kernel32.lib user32.lib gdi32.lib winspool.lib comdlg32.lib advapi32.lib shell32.lib ole32.lib oleaut32.lib uuid.lib odbc32.lib odbccp32.lib /MANIFEST /ManifestFile:"Debug\ocean_terrain.exe.intermediate.manifest" /MANIFESTUAC:"level='asInvoker' uiAccess='false'" /DEBUG /PDB:"G:\the_way_coder_learn\vs_project\vs_2010\osg_guide_programme\automaticity\Debug\ocean_terrain.pdb" /SUBSYSTEM:CONSOLE /TLBID:1 /DYNAMICBASE /NXCOMPAT /IMPLIB:"G:\the_way_coder_learn\vs_project\vs_2010\osg_guide_programme\automaticity\Debug\ocean_terrain.lib" /MACHINE:X86 Debug\ocean_terrain.exe.embed.manifest.res
         Debug\ocean_terrain.obj
         Debug\stdafx.obj
       Manifest:
         C:\Program Files (x86)\Microsoft SDKs\Windows\v7.0A\bin\mt.exe /nologo /verbose /out:"Debug\ocean_terrain.exe.embed.manifest" /manifest Debug\ocean_terrain.exe.intermediate.manifest
         C:\Program Files (x86)\Microsoft SDKs\Windows\v7.0A\bin\rc.exe /nologo /fo"Debug\ocean_terrain.exe.embed.manifest.res" Debug\ocean_terrain_manifest.rc 
       LinkEmbedManifest:
         E:\Program Files (x86)\Microsoft Visual Studio 10.0\VC\bin\link.exe /ERRORREPORT:PROMPT /OUT:"G:\the_way_coder_learn\vs_project\vs_2010\osg_guide_programme\automaticity\Debug\ocean_terrain.exe" /INCREMENTAL /NOLOGO kernel32.lib user32.lib gdi32.lib winspool.lib comdlg32.lib advapi32.lib shell32.lib ole32.lib oleaut32.lib uuid.lib odbc32.lib odbccp32.lib /MANIFEST /ManifestFile:"Debug\ocean_terrain.exe.intermediate.manifest" /MANIFESTUAC:"level='asInvoker' uiAccess='false'" /DEBUG /PDB:"G:\the_way_coder_learn\vs_project\vs_2010\osg_guide_programme\automaticity\Debug\ocean_terrain.pdb" /SUBSYSTEM:CONSOLE /TLBID:1 /DYNAMICBASE /NXCOMPAT /IMPLIB:"G:\the_way_coder_learn\vs_project\vs_2010\osg_guide_programme\automaticity\Debug\ocean_terrain.lib" /MACHINE:X86 Debug\ocean_terrain.exe.embed.manifest.res
         Debug\ocean_terrain.obj
         Debug\stdafx.obj
         ocean_terrain.vcxproj -> G:\the_way_coder_learn\vs_project\vs_2010\osg_guide_programme\automaticity\Debug\ocean_terrain.exe
       FinalizeBuildStatus:
         正在删除文件“Debug\ocean_terrain.unsuccessfulbuild”。
         正在对“Debug\ocean_terrain.lastbuildstate”执行 Touch 任务。
     1>已完成生成项目“G:\the_way_coder_learn\vs_project\vs_2010\osg_guide_programme\automaticity\ocean_terrain\ocean_terrain.vcxproj”(build 个目标)的操作。

生成成功。

已用时间 00:00:03.06
